<?xml version="1.0" encoding="UTF-8" ?>
<testsuite tests="17" failures="0" name="edu.pdx.cs410J.jushuck.Project3Test" time="0.245" errors="0" skipped="0">
  <properties>
[...]
</properties>
  <testcase classname="edu.pdx.cs410J.jushuck.Project3Test" name="testReadmeOption" time="0.038"/>
  <testcase classname="edu.pdx.cs410J.jushuck.Project3Test" name="testInvalidText" time="0.017"/>
  <testcase classname="edu.pdx.cs410J.jushuck.Project3Test" name="testReadmeOptionWithMultipleParameters" time="0.001"/>
  <testcase classname="edu.pdx.cs410J.jushuck.Project3Test" name="testUnknownCommand" time="0.001"/>
  <testcase classname="edu.pdx.cs410J.jushuck.Project3Test" name="testNoCommandLineArguments" time="0.001"/>
  <testcase classname="edu.pdx.cs410J.jushuck.Project3Test" name="testNewAMPMParams" time="0.002"/>
  <testcase classname="edu.pdx.cs410J.jushuck.Project3Test" name="testPrettyWithInvalid" time="0.002"/>
  <testcase classname="edu.pdx.cs410J.jushuck.Project3Test" name="validInputWithPretty" time="0.12"/>
  <testcase classname="edu.pdx.cs410J.jushuck.Project3Test" name="testInvalidSourceAndDestination" time="0"/>
  <testcase classname="edu.pdx.cs410J.jushuck.Project3Test" name="testInvalidNumberOfArguments" time="0"/>
  <testcase classname="edu.pdx.cs410J.jushuck.Project3Test" name="testValidCommandLineArguments" time="0.002"/>
  <testcase classname="edu.pdx.cs410J.jushuck.Project3Test" name="testAddToFile" time="0.026"/>
  <testcase classname="edu.pdx.cs410J.jushuck.Project3Test" name="testMaximumArgs" time="0.001"/>
  <testcase classname="edu.pdx.cs410J.jushuck.Project3Test" name="testInvalidDeparture" time="0.001"/>
  <testcase classname="edu.pdx.cs410J.jushuck.Project3Test" name="testInvalidAirlineNumber" time="0.001"/>
  <testcase classname="edu.pdx.cs410J.jushuck.Project3Test" name="testCreateNewFile" time="0.031"/>
  <testcase classname="edu.pdx.cs410J.jushuck.Project3Test" name="testInvalidArrival" time="0.001"/>
</testsuite>